Start testing: Jan 11 15:46 CET
----------------------------------------------------------
1/2 Testing: header_compiles
1/2 Test: header_compiles
Command: "/media/carlos/miSSD/repos/ahsssp/build/tests/ahsssp_header_compiles"
Directory: /media/carlos/miSSD/repos/ahsssp/build/tests
"header_compiles" start time: Jan 11 15:46 CET
Output:
----------------------------------------------------------
<end of output>
Test time =   0.00 sec
----------------------------------------------------------
Test Passed.
"header_compiles" end time: Jan 11 15:46 CET
"header_compiles" time elapsed: 00:00:00
----------------------------------------------------------

2/2 Testing: ahsssp_smoke_run
2/2 Test: ahsssp_smoke_run
Command: "/media/carlos/miSSD/repos/ahsssp/build/ahsssp"
Directory: /media/carlos/miSSD/repos/ahsssp/build/tests
"ahsssp_smoke_run" start time: Jan 11 15:46 CET
Output:
----------------------------------------------------------
Adaptive Hierarchical SSSP - Production C++ Implementation
Based on: Duan et al., Breaking the Sorting Barrier (2025)

=== AH-SSSP Demo ===

Initialized AH-SSSP:
  n=6, m=9, k=2, levels=2
Initialization complete: 2 vertices certified, 3 pivots, time=8.605e-06s
Level 0: 2/6 certified, time=1.11e-07s
Level 1: 2/6 certified, time=1.66e-07s
Finalizing 3 uncertified vertices with Dijkstra

Computation complete: time=3.0259e-05s

Shortest paths from source 0:
  To 0: distance = 0, path = [0]
  To 1: distance = 4, path = [0 -> 1]
  To 2: distance = 2, path = [0 -> 2]
  To 3: distance = 9, path = [0 -> 1 -> 3]
  To 4: distance = 12, path = [0 -> 1 -> 3 -> 4]
  To 5: distance = 14, path = [0 -> 1 -> 3 -> 4 -> 5]

Statistics:
  Pivots created: 3
  Vertices certified: 5
  Dijkstra calls: 0
  Edges relaxed: 7
  Time init: 8.605e-06s
  Time levels: 2.77e-07s
  Time total: 3.0259e-05s

======================================================================
AH-SSSP Benchmark
======================================================================

[Test 1: Grid Graph 100x100]

Graph: 10000 vertices, 39600 edges

Running Dijkstra...
Dijkstra time: 0.00079049s

Running AH-SSSP...
Initialized AH-SSSP:
  n=10000, m=39600, k=2, levels=13
Initialization complete: 3 vertices certified, 3 pivots, time=0.237744s
Level 0: 3/10000 certified, time=4.3e-08s
Level 1: 3/10000 certified, time=3.2e-08s
Level 2: 3/10000 certified, time=3.1e-08s
Level 3: 3/10000 certified, time=1.97e-07s
Level 4: 3/10000 certified, time=4.3e-08s
Level 5: 3/10000 certified, time=3e-08s
Level 6: 3/10000 certified, time=3.3e-08s
Level 7: 3/10000 certified, time=2.9e-08s
Level 8: 3/10000 certified, time=3.1e-08s
Level 9: 3/10000 certified, time=3.2e-08s
Level 10: 3/10000 certified, time=3e-08s
Level 11: 3/10000 certified, time=2.4e-08s
Level 12: 3/10000 certified, time=4.9e-08s
Finalizing 9996 uncertified vertices with Dijkstra

Computation complete: time=0.239034s

Verifying correctness...
Errors: 0/10000 (max error: 0)
✓ All distances correct!
Speedup: 0.00330702x

----------------------------------------------------------------------

[Test 2: Random Sparse Graph n=1000]

Graph: 1000 vertices, 4883 edges

Running Dijkstra...
Dijkstra time: 0.000133671s

Running AH-SSSP...
Initialized AH-SSSP:
  n=1000, m=4883, k=2, levels=9
Initialization complete: 19 vertices certified, 6 pivots, time=0.0024329s
Level 0: 19/1000 certified, time=3.9e-08s
Level 1: 19/1000 certified, time=1.4e-08s
Level 2: 19/1000 certified, time=2.7e-08s
Level 3: 19/1000 certified, time=1.3e-08s
Level 4: 19/1000 certified, time=1.3e-08s
Level 5: 19/1000 certified, time=1.3e-08s
Level 6: 19/1000 certified, time=1.66e-07s
Level 7: 19/1000 certified, time=3.2e-08s
Level 8: 19/1000 certified, time=4e-08s
Finalizing 980 uncertified vertices with Dijkstra

Computation complete: time=0.00261765s

Verifying correctness...
Errors: 8/1000 (reachable: 8, max error: 74.8705)
Speedup: 0.0510653x

======================================================================

KEY INSIGHTS:
- The algorithm correctly computes shortest paths
- C++ implementation shows significant speedup for larger graphs
- Hierarchical structure enables efficient processing
- Asymptotic advantage O(m log^(2/3) n) vs O(m + n log n)
<end of output>
Test time =   0.26 sec
----------------------------------------------------------
Test Passed.
"ahsssp_smoke_run" end time: Jan 11 15:46 CET
"ahsssp_smoke_run" time elapsed: 00:00:00
----------------------------------------------------------

End testing: Jan 11 15:46 CET
